<?xml version="1.0" encoding="UTF-8"?>
<!-- Generated by org.testng.reporters.JUnitXMLReporter -->
<testsuite hostname="DESKTOP-ABJLS60" ignored="1" name="Accounting" tests="4" failures="0" timestamp="2020-06-11T16:58:52 IST" time="0.09" errors="0">
  <testcase name="Sample" time="0.018" classname="main.Demo"/>
  <testcase name="getCarDetails" time="0.003" classname="main.DemoOne"/>
  <testcase name="getNames" time="0.003" classname="main.DemoOne"/>
  <testcase name="getVanDetails" time="0.002" classname="main.DemoOne"/>
  <testcase name="setNames" time="0.0" classname="main.DemoOne">
    <ignored/>
  </testcase> <!-- setNames -->
</testsuite> <!-- Accounting -->
