<?xml version="1.0" encoding="UTF-8"?>
<!-- Generated by org.testng.reporters.JUnitXMLReporter -->
<testsuite hostname="DESKTOP-ABJLS60" ignored="0" name="HelperAnnotation" tests="3" failures="0" timestamp="2020-06-16T16:58:05 IST" time="1.187" errors="0">
  <testcase name="apirungroup" time="0.653" classname="main.HelperAnnotations"/>
  <testcase name="webgrouprun" time="0.004" classname="main.HelperAnnotations"/>
  <testcase name="groupmobilerun" time="0.004" classname="main.HelperAnnotations"/>
</testsuite> <!-- HelperAnnotation -->
