<?xml version="1.0" encoding="UTF-8"?>
<!-- Generated by org.testng.reporters.JUnitXMLReporter -->
<testsuite hostname="DESKTOP-ABJLS60" ignored="4" name="test2" tests="5" failures="0" timestamp="2020-06-16T16:10:43 IST" time="0.107" errors="0">
  <testcase name="buildSetup" time="0.013" classname="main.Demo"/>
  <testcase name="getVanDetails" time="0.001" classname="main.DemoOne"/>
  <testcase name="mobilerun" time="0.001" classname="main.Annotations"/>
  <testcase name="apirungroup" time="0.002" classname="main.GroupsExample"/>
  <testcase name="groupmobilerun" time="0.002" classname="main.GroupsExample"/>
  <testcase name="webrun" time="0.0" classname="main.Annotations">
    <ignored/>
  </testcase> <!-- webrun -->
  <testcase name="setNames" time="0.0" classname="main.DemoOne">
    <ignored/>
  </testcase> <!-- setNames -->
  <testcase name="apirun" time="0.0" classname="main.Annotations">
    <ignored/>
  </testcase> <!-- apirun -->
  <testcase name="webgrouprun" time="0.0" classname="main.GroupsExample">
    <ignored/>
  </testcase> <!-- webgrouprun -->
</testsuite> <!-- test2 -->
