<?xml version="1.0" encoding="UTF-8"?>
<testng-results skipped="0" failed="0" ignored="0" total="3" passed="3">
  <reporter-output>
  </reporter-output>
  <suite name="Suite" duration-ms="1187" started-at="2020-06-16T16:58:02 IST" finished-at="2020-06-16T16:58:04 IST">
    <groups>
    </groups>
    <test name="HelperAnnotation" duration-ms="1187" started-at="2020-06-16T16:58:02 IST" finished-at="2020-06-16T16:58:04 IST">
      <class name="main.HelperAnnotations">
        <test-method status="PASS" signature="apirungroup()[pri:0, instance:main.HelperAnnotations@6536e911]" name="apirungroup" duration-ms="653" started-at="2020-06-16T16:58:03 IST" finished-at="2020-06-16T16:58:03 IST">
          <reporter-output>
          </reporter-output>
        </test-method> <!-- apirungroup -->
        <test-method status="PASS" signature="webgrouprun()[pri:0, instance:main.HelperAnnotations@6536e911]" name="webgrouprun" duration-ms="4" started-at="2020-06-16T16:58:03 IST" finished-at="2020-06-16T16:58:03 IST">
          <reporter-output>
          </reporter-output>
        </test-method> <!-- webgrouprun -->
        <test-method status="PASS" signature="groupmobilerun()[pri:0, instance:main.HelperAnnotations@6536e911]" name="groupmobilerun" duration-ms="4" started-at="2020-06-16T16:58:04 IST" depends-on-methods="main.HelperAnnotations.apirungroup, main.HelperAnnotations.webgrouprun" finished-at="2020-06-16T16:58:04 IST">
          <reporter-output>
          </reporter-output>
        </test-method> <!-- groupmobilerun -->
      </class> <!-- main.HelperAnnotations -->
    </test> <!-- HelperAnnotation -->
  </suite> <!-- Suite -->
</testng-results>
